Determining if the include file pthread.h exists failed with the following output:
Change Dir: C:/Users/Asher Williams/Documents/Spring Semester 2019/CSCE 441/PA5/A5/build/CMakeFiles/CMakeTmp

Run Build Command:"C:/Program Files (x86)/Microsoft Visual Studio/2017/Community/MSBuild/15.0/Bin/MSBuild.exe" "cmTC_410f3.vcxproj" "/p:Configuration=Debug" "/p:Platform=Win32" "/p:VisualStudioVersion=15.0"
Microsoft (R) Build Engine version 15.9.21+g9802d43bc3 for .NET Framework
Copyright (C) Microsoft Corporation. All rights reserved.

Build started 4/2/2019 11:48:53 PM.
Project "C:\Users\Asher Williams\Documents\Spring Semester 2019\CSCE 441\PA5\A5\build\CMakeFiles\CMakeTmp\cmTC_410f3.vcxproj" on node 1 (default targets).
PrepareForBuild:
  Creating directory "cmTC_410f3.dir\Debug\".
  Creating directory "C:\Users\Asher Williams\Documents\Spring Semester 2019\CSCE 441\PA5\A5\build\CMakeFiles\CMakeTmp\Debug\".
  Creating directory "cmTC_410f3.dir\Debug\cmTC_410f3.tlog\".
InitializeBuildStatus:
  Creating "cmTC_410f3.dir\Debug\cmTC_410f3.tlog\unsuccessfulbuild" because "AlwaysCreate" was specified.
ClCompile:
  C:\Program Files (x86)\Microsoft Visual Studio\2017\Community\VC\Tools\MSVC\14.16.27023\bin\HostX86\x86\CL.exe /c /Zi /W3 /WX- /diagnostics:classic /Od /Ob0 /Oy- /D WIN32 /D _WINDOWS /D "CMAKE_INTDIR=\"Debug\"" /D _MBCS /Gm- /RTC1 /MDd /GS /fp:precise /Zc:wchar_t /Zc:forScope /Zc:inline /Fo"cmTC_410f3.dir\Debug\\" /Fd"cmTC_410f3.dir\Debug\vc141.pdb" /Gd /TC /analyze- /errorReport:queue "C:\Users\Asher Williams\Documents\Spring Semester 2019\CSCE 441\PA5\A5\build\CMakeFiles\CMakeTmp\CheckIncludeFile.c"
  Microsoft (R) C/C++ Optimizing Compiler Version 19.16.27026.1 for x86
  Copyright (C) Microsoft Corporation.  All rights reserved.
  
  cl /c /Zi /W3 /WX- /diagnostics:classic /Od /Ob0 /Oy- /D WIN32 /D _WINDOWS /D "CMAKE_INTDIR=\"Debug\"" /D _MBCS /Gm- /RTC1 /MDd /GS /fp:precise /Zc:wchar_t /Zc:forScope /Zc:inline /Fo"cmTC_410f3.dir\Debug\\" /Fd"cmTC_410f3.dir\Debug\vc141.pdb" /Gd /TC /analyze- /errorReport:queue "C:\Users\Asher Williams\Documents\Spring Semester 2019\CSCE 441\PA5\A5\build\CMakeFiles\CMakeTmp\CheckIncludeFile.c"
  CheckIncludeFile.c
  
C:\Users\Asher Williams\Documents\Spring Semester 2019\CSCE 441\PA5\A5\build\CMakeFiles\CMakeTmp\CheckIncludeFile.c(1): fatal error C1083: Cannot open include file: 'pthread.h': No such file or directory [C:\Users\Asher Williams\Documents\Spring Semester 2019\CSCE 441\PA5\A5\build\CMakeFiles\CMakeTmp\cmTC_410f3.vcxproj]
Done Building Project "C:\Users\Asher Williams\Documents\Spring Semester 2019\CSCE 441\PA5\A5\build\CMakeFiles\CMakeTmp\cmTC_410f3.vcxproj" (default targets) -- FAILED.

Build FAILED.

"C:\Users\Asher Williams\Documents\Spring Semester 2019\CSCE 441\PA5\A5\build\CMakeFiles\CMakeTmp\cmTC_410f3.vcxproj" (default target) (1) ->
(ClCompile target) -> 
  C:\Users\Asher Williams\Documents\Spring Semester 2019\CSCE 441\PA5\A5\build\CMakeFiles\CMakeTmp\CheckIncludeFile.c(1): fatal error C1083: Cannot open include file: 'pthread.h': No such file or directory [C:\Users\Asher Williams\Documents\Spring Semester 2019\CSCE 441\PA5\A5\build\CMakeFiles\CMakeTmp\cmTC_410f3.vcxproj]

    0 Warning(s)
    1 Error(s)

Time Elapsed 00:00:00.45


